[debug] [2023-10-11T14:45:24.007Z] ----------------------------------------------------------------------
[debug] [2023-10-11T14:45:24.008Z] Command:       C:\Program Files\nodejs\node.exe C:\Program Files\nodejs\node_modules\firebase-tools\lib\bin\firebase.js emulators:start --only functions
[debug] [2023-10-11T14:45:24.008Z] CLI Version:   12.6.2
[debug] [2023-10-11T14:45:24.009Z] Platform:      win32
[debug] [2023-10-11T14:45:24.009Z] Node Version:  v18.17.0
[debug] [2023-10-11T14:45:24.010Z] Time:          Wed Oct 11 2023 21:45:24 GMT+0700 (Indochina Time)
[debug] [2023-10-11T14:45:24.010Z] ----------------------------------------------------------------------
[debug] 
[debug] [2023-10-11T14:45:24.101Z] Object ".extensions" in "firebase.json" has unknown property: {"additionalProperty":"make-payment"}
[debug] [2023-10-11T14:45:24.106Z] > command requires scopes: ["email","openid","https://www.googleapis.com/auth/cloudplatformprojects.readonly","https://www.googleapis.com/auth/firebase","https://www.googleapis.com/auth/cloud-platform"]
[debug] [2023-10-11T14:45:24.107Z] > authorizing via signed-in user (smiledev10162@gmail.com)
[info] i  emulators: Starting emulators: functions {"metadata":{"emulator":{"name":"hub"},"message":"Starting emulators: functions"}}
[debug] [2023-10-11T14:45:24.114Z] [logging] Logging Emulator only supports listening on one address (127.0.0.1). Not listening on ::1
[debug] [2023-10-11T14:45:24.114Z] assigned listening specs for emulators {"user":{"hub":[{"address":"127.0.0.1","family":"IPv4","port":4400},{"address":"::1","family":"IPv6","port":4400}],"ui":[{"address":"127.0.0.1","family":"IPv4","port":4000},{"address":"::1","family":"IPv6","port":4000}],"logging":[{"address":"127.0.0.1","family":"IPv4","port":4500}]},"metadata":{"message":"assigned listening specs for emulators"}}
[debug] [2023-10-11T14:45:24.124Z] [hub] writing locator at C:\Users\SUPERS~1\AppData\Local\Temp\hub-menu-x-353fd.json
[debug] [2023-10-11T14:45:24.136Z] [functions] Functions Emulator only supports listening on one address (127.0.0.1). Not listening on ::1
[debug] [2023-10-11T14:45:24.136Z] [eventarc] Eventarc Emulator only supports listening on one address (127.0.0.1). Not listening on ::1
[debug] [2023-10-11T14:45:24.137Z] late-assigned ports for functions and eventarc emulators {"user":{"hub":[{"address":"127.0.0.1","family":"IPv4","port":4400},{"address":"::1","family":"IPv6","port":4400}],"ui":[{"address":"127.0.0.1","family":"IPv4","port":4000},{"address":"::1","family":"IPv6","port":4000}],"logging":[{"address":"127.0.0.1","family":"IPv4","port":4500}],"functions":[{"address":"127.0.0.1","family":"IPv4","port":5001}],"eventarc":[{"address":"127.0.0.1","family":"IPv4","port":9299}]},"metadata":{"message":"late-assigned ports for functions and eventarc emulators"}}
[warn] !  functions: The following emulators are not running, calls to these services from the Functions emulator will affect production: auth, firestore, database, hosting, pubsub, storage {"metadata":{"emulator":{"name":"functions"},"message":"The following emulators are not running, calls to these services from the Functions emulator will affect production: \u001b[1mauth, firestore, database, hosting, pubsub, storage\u001b[22m"}}
[debug] [2023-10-11T14:45:24.140Z] defaultcredentials: writing to file C:\Users\SUPERSTAR\AppData\Roaming\firebase\smiledev10162_gmail_com_application_default_credentials.json
[debug] [2023-10-11T14:45:24.141Z] Setting GAC to C:\Users\SUPERSTAR\AppData\Roaming\firebase\smiledev10162_gmail_com_application_default_credentials.json {"metadata":{"emulator":{"name":"functions"},"message":"Setting GAC to C:\\Users\\SUPERSTAR\\AppData\\Roaming\\firebase\\smiledev10162_gmail_com_application_default_credentials.json"}}
[debug] [2023-10-11T14:45:24.143Z] >>> [apiv2][query] GET https://firebase.googleapis.com/v1beta1/projects/menu-x-353fd/adminSdkConfig [none]
[debug] [2023-10-11T14:45:25.835Z] <<< [apiv2][status] GET https://firebase.googleapis.com/v1beta1/projects/menu-x-353fd/adminSdkConfig 200
[debug] [2023-10-11T14:45:25.835Z] <<< [apiv2][body] GET https://firebase.googleapis.com/v1beta1/projects/menu-x-353fd/adminSdkConfig {"projectId":"menu-x-353fd","databaseURL":"https://menu-x-353fd-default-rtdb.firebaseio.com","storageBucket":"menu-x-353fd.appspot.com","locationId":"us-east1"}
[debug] [2023-10-11T14:45:25.850Z] Ignoring unsupported arg: auto_download {"metadata":{"emulator":{"name":"ui"},"message":"Ignoring unsupported arg: auto_download"}}
[debug] [2023-10-11T14:45:25.850Z] Ignoring unsupported arg: port {"metadata":{"emulator":{"name":"ui"},"message":"Ignoring unsupported arg: port"}}
[debug] [2023-10-11T14:45:25.851Z] Starting Emulator UI with command {"binary":"node","args":["C:\\Users\\SUPERSTAR\\.cache\\firebase\\emulators\\ui-v1.11.7\\server\\server.js"],"optionalArgs":[],"joinArgs":false} {"metadata":{"emulator":{"name":"ui"},"message":"Starting Emulator UI with command {\"binary\":\"node\",\"args\":[\"C:\\\\Users\\\\SUPERSTAR\\\\.cache\\\\firebase\\\\emulators\\\\ui-v1.11.7\\\\server\\\\server.js\"],\"optionalArgs\":[],\"joinArgs\":false}"}}
[info] i  ui: Emulator UI logging to ui-debug.log {"metadata":{"emulator":{"name":"ui"},"message":"Emulator UI logging to \u001b[1mui-debug.log\u001b[22m"}}
[debug] [2023-10-11T14:45:25.944Z] Web / API server started at 127.0.0.1:4000
 {"metadata":{"emulator":{"name":"ui"},"message":"Web / API server started at 127.0.0.1:4000\n"}}
[debug] [2023-10-11T14:45:25.944Z] Web / API server started at ::1:4000
 {"metadata":{"emulator":{"name":"ui"},"message":"Web / API server started at ::1:4000\n"}}
[info] i  functions: Watching "E:\MenuX_RA_Panel\functions" for Cloud Functions... {"metadata":{"emulator":{"name":"functions"},"message":"Watching \"E:\\MenuX_RA_Panel\\functions\" for Cloud Functions..."}}
[debug] [2023-10-11T14:45:26.133Z] Validating nodejs source
[debug] [2023-10-11T14:45:28.340Z] > [functions] package.json contents: {
  "name": "functions",
  "description": "Cloud Functions for Firebase",
  "scripts": {
    "serve": "firebase emulators:start --only functions",
    "shell": "firebase functions:shell",
    "start": "npm run shell",
    "deploy": "firebase deploy --only functions",
    "logs": "firebase functions:log"
  },
  "engines": {
    "node": "18"
  },
  "main": "index.js",
  "dependencies": {
    "axios": "^1.4.0",
    "cors": "^2.8.5",
    "currency-converter-lt": "^2.0.0",
    "express": "^4.18.2",
    "firebase": "^10.3.0",
    "firebase-admin": "^11.8.0",
    "firebase-functions": "^4.3.1",
    "i": "^0.3.7",
    "moment": "^2.29.4",
    "node-fetch": "^3.3.1",
    "nodemailer": "^6.9.5",
    "npm": "^10.1.0",
    "react-time-range": "^1.0.4",
    "stripe": "^13.3.0"
  },
  "devDependencies": {
    "firebase-functions-test": "^3.1.0"
  },
  "private": true
}
[debug] [2023-10-11T14:45:28.341Z] Building nodejs source
[debug] [2023-10-11T14:45:28.341Z] Failed to find version of module node: reached end of search path E:\MenuX_RA_Panel\functions\node_modules
[info] +  functions: Using node@18 from host. 
[debug] [2023-10-11T14:45:28.343Z] Could not find functions.yaml. Must use http discovery
[debug] [2023-10-11T14:45:28.347Z] Found firebase-functions binary at 'E:\MenuX_RA_Panel\functions\node_modules\.bin\firebase-functions'
[info] Serving at port 8980

[debug] [2023-10-11T14:45:32.909Z] Got response from /__/functions.yaml {"endpoints":{"app":{"platform":"gcfv1","availableMemoryMb":null,"timeoutSeconds":null,"minInstances":null,"maxInstances":null,"ingressSettings":null,"serviceAccountEmail":null,"vpc":null,"httpsTrigger":{},"entryPoint":"app"}},"specVersion":"v1alpha1","requiredAPIs":[]}
[info] shutdown requested via /__/quitquitquit

[info] +  functions: Loaded functions definitions from source: app. {"metadata":{"emulator":{"name":"functions"},"message":"Loaded functions definitions from source: app."}}
[info] +  functions[us-central1-app]: http function initialized (http://127.0.0.1:5001/menu-x-353fd/us-central1/app). {"metadata":{"emulator":{"name":"functions"},"message":"\u001b[1mhttp\u001b[22m function initialized (http://127.0.0.1:5001/menu-x-353fd/us-central1/app)."}}
[info] 
┌─────────────────────────────────────────────────────────────┐
│ ✔  All emulators ready! It is now safe to connect your app. │
│ i  View Emulator UI at http://127.0.0.1:4000/               │
└─────────────────────────────────────────────────────────────┘

┌───────────┬────────────────┬─────────────────────────────────┐
│ Emulator  │ Host:Port      │ View in Emulator UI             │
├───────────┼────────────────┼─────────────────────────────────┤
│ Functions │ 127.0.0.1:5001 │ http://127.0.0.1:4000/functions │
└───────────┴────────────────┴─────────────────────────────────┘
  Emulator Hub running at 127.0.0.1:4400
  Other reserved ports: 4500

Issues? Report them at https://github.com/firebase/firebase-tools/issues and attach the *-debug.log files.
 
[debug] [2023-10-11T14:47:05.970Z] Functions emulator received unknown request at path /
[debug] [2023-10-11T14:47:12.972Z] Functions emulator received unknown request at path /test
[debug] [2023-10-11T14:53:55.786Z] [work-queue] {"queuedWork":["/menu-x-353fd/us-east1/functions-2023-10-11T14:53:55.786Z"],"queueLength":1,"runningWork":[],"workRunningCount":0}
[debug] [2023-10-11T14:53:55.786Z] [work-queue] {"queuedWork":[],"queueLength":0,"runningWork":["/menu-x-353fd/us-east1/functions-2023-10-11T14:53:55.786Z"],"workRunningCount":1}
[debug] [2023-10-11T14:53:55.787Z] [work-queue] {"queuedWork":[],"queueLength":0,"runningWork":[],"workRunningCount":0}
[debug] [2023-10-11T14:55:14.490Z] Functions emulator received unknown request at path /us-central1-menu-x-353fd.cloudfunctions.net/app
[debug] [2023-10-11T14:55:18.187Z] Functions emulator received unknown request at path /us-central1-menu-x-353fd.cloudfunctions.net
[debug] [2023-10-11T14:55:29.081Z] [work-queue] {"queuedWork":["/menu-x-353fd/us-east1/cloudfunctions-2023-10-11T14:55:29.081Z"],"queueLength":1,"runningWork":[],"workRunningCount":0}
[debug] [2023-10-11T14:55:29.081Z] [work-queue] {"queuedWork":[],"queueLength":0,"runningWork":["/menu-x-353fd/us-east1/cloudfunctions-2023-10-11T14:55:29.081Z"],"workRunningCount":1}
[debug] [2023-10-11T14:55:29.082Z] [work-queue] {"queuedWork":[],"queueLength":0,"runningWork":[],"workRunningCount":0}
[debug] [2023-10-11T14:55:48.545Z] [work-queue] {"queuedWork":["/menu-x-353fd/us-east1-app/functions-2023-10-11T14:55:48.545Z"],"queueLength":1,"runningWork":[],"workRunningCount":0}
[debug] [2023-10-11T14:55:48.546Z] [work-queue] {"queuedWork":[],"queueLength":0,"runningWork":["/menu-x-353fd/us-east1-app/functions-2023-10-11T14:55:48.545Z"],"workRunningCount":1}
[debug] [2023-10-11T14:55:48.546Z] [work-queue] {"queuedWork":[],"queueLength":0,"runningWork":[],"workRunningCount":0}
[debug] [2023-10-11T14:55:53.355Z] [work-queue] {"queuedWork":["/menu-x-353fd/us-east1/functions-2023-10-11T14:55:53.355Z"],"queueLength":1,"runningWork":[],"workRunningCount":0}
[debug] [2023-10-11T14:55:53.355Z] [work-queue] {"queuedWork":[],"queueLength":0,"runningWork":["/menu-x-353fd/us-east1/functions-2023-10-11T14:55:53.355Z"],"workRunningCount":1}
[debug] [2023-10-11T14:55:53.355Z] [work-queue] {"queuedWork":[],"queueLength":0,"runningWork":[],"workRunningCount":0}
[debug] [2023-10-11T14:56:31.503Z] [work-queue] {"queuedWork":["/menu-x-353fd/us-east1/app-2023-10-11T14:56:31.503Z"],"queueLength":1,"runningWork":[],"workRunningCount":0}
[debug] [2023-10-11T14:56:31.503Z] [work-queue] {"queuedWork":[],"queueLength":0,"runningWork":["/menu-x-353fd/us-east1/app-2023-10-11T14:56:31.503Z"],"workRunningCount":1}
[debug] [2023-10-11T14:56:31.504Z] [work-queue] {"queuedWork":[],"queueLength":0,"runningWork":[],"workRunningCount":0}
[debug] [2023-10-11T14:58:09.722Z] [work-queue] {"queuedWork":["/menu-x-353fd/us-east1/app/-2023-10-11T14:58:09.722Z"],"queueLength":1,"runningWork":[],"workRunningCount":0}
[debug] [2023-10-11T14:58:09.722Z] [work-queue] {"queuedWork":[],"queueLength":0,"runningWork":["/menu-x-353fd/us-east1/app/-2023-10-11T14:58:09.722Z"],"workRunningCount":1}
[debug] [2023-10-11T14:58:09.722Z] [work-queue] {"queuedWork":[],"queueLength":0,"runningWork":[],"workRunningCount":0}
[debug] [2023-10-11T15:14:59.088Z] [work-queue] {"queuedWork":["/menu-x-353fd/menu-x-353fd-default-rtdb/app/-2023-10-11T15:14:59.088Z"],"queueLength":1,"runningWork":[],"workRunningCount":0}
[debug] [2023-10-11T15:14:59.088Z] [work-queue] {"queuedWork":[],"queueLength":0,"runningWork":["/menu-x-353fd/menu-x-353fd-default-rtdb/app/-2023-10-11T15:14:59.088Z"],"workRunningCount":1}
[debug] [2023-10-11T15:14:59.089Z] [work-queue] {"queuedWork":[],"queueLength":0,"runningWork":[],"workRunningCount":0}
[debug] [2023-10-11T15:15:12.190Z] [work-queue] {"queuedWork":["/menu-x-353fd/menu-x-353fd-default-rtdb/app-2023-10-11T15:15:12.190Z"],"queueLength":1,"runningWork":[],"workRunningCount":0}
[debug] [2023-10-11T15:15:12.190Z] [work-queue] {"queuedWork":[],"queueLength":0,"runningWork":["/menu-x-353fd/menu-x-353fd-default-rtdb/app-2023-10-11T15:15:12.190Z"],"workRunningCount":1}
[debug] [2023-10-11T15:15:12.190Z] [work-queue] {"queuedWork":[],"queueLength":0,"runningWork":[],"workRunningCount":0}
[debug] [2023-10-11T15:21:27.805Z] [work-queue] {"queuedWork":["/menu-x-353fd/menu-x-353fd-default-rtdb/app-2023-10-11T15:21:27.804Z"],"queueLength":1,"runningWork":[],"workRunningCount":0}
[debug] [2023-10-11T15:21:27.806Z] [work-queue] {"queuedWork":[],"queueLength":0,"runningWork":["/menu-x-353fd/menu-x-353fd-default-rtdb/app-2023-10-11T15:21:27.804Z"],"workRunningCount":1}
[debug] [2023-10-11T15:21:27.806Z] [work-queue] {"queuedWork":[],"queueLength":0,"runningWork":[],"workRunningCount":0}
[debug] [2023-10-11T15:27:01.985Z] Functions emulator received unknown request at path /menu-x-353fd/menu-x-353fd-default-rtdb
[debug] [2023-10-11T15:27:07.054Z] [work-queue] {"queuedWork":["/menu-x-353fd/menu-x-353fd-default-rtdb/functions-2023-10-11T15:27:07.054Z"],"queueLength":1,"runningWork":[],"workRunningCount":0}
[debug] [2023-10-11T15:27:07.054Z] [work-queue] {"queuedWork":[],"queueLength":0,"runningWork":["/menu-x-353fd/menu-x-353fd-default-rtdb/functions-2023-10-11T15:27:07.054Z"],"workRunningCount":1}
[debug] [2023-10-11T15:27:07.056Z] [work-queue] {"queuedWork":[],"queueLength":0,"runningWork":[],"workRunningCount":0}
[debug] [2023-10-11T15:27:13.109Z] [work-queue] {"queuedWork":["/menu-x-353fd/menu-x-353fd-default-rtdb/function-2023-10-11T15:27:13.109Z"],"queueLength":1,"runningWork":[],"workRunningCount":0}
[debug] [2023-10-11T15:27:13.109Z] [work-queue] {"queuedWork":[],"queueLength":0,"runningWork":["/menu-x-353fd/menu-x-353fd-default-rtdb/function-2023-10-11T15:27:13.109Z"],"workRunningCount":1}
[debug] [2023-10-11T15:27:13.115Z] [work-queue] {"queuedWork":[],"queueLength":0,"runningWork":[],"workRunningCount":0}
[debug] [2023-10-11T15:27:15.617Z] [work-queue] {"queuedWork":["/menu-x-353fd/menu-x-353fd-default-rtdb/functions-2023-10-11T15:27:15.617Z"],"queueLength":1,"runningWork":[],"workRunningCount":0}
[debug] [2023-10-11T15:27:15.617Z] [work-queue] {"queuedWork":[],"queueLength":0,"runningWork":["/menu-x-353fd/menu-x-353fd-default-rtdb/functions-2023-10-11T15:27:15.617Z"],"workRunningCount":1}
[debug] [2023-10-11T15:27:15.617Z] [work-queue] {"queuedWork":[],"queueLength":0,"runningWork":[],"workRunningCount":0}
[debug] [2023-10-11T15:28:32.978Z] [work-queue] {"queuedWork":["/menu-x-353fd/menu-x-353fd-default-rtdb/functions-2023-10-11T15:28:32.978Z"],"queueLength":1,"runningWork":[],"workRunningCount":0}
[debug] [2023-10-11T15:28:32.978Z] [work-queue] {"queuedWork":[],"queueLength":0,"runningWork":["/menu-x-353fd/menu-x-353fd-default-rtdb/functions-2023-10-11T15:28:32.978Z"],"workRunningCount":1}
[debug] [2023-10-11T15:28:32.978Z] [work-queue] {"queuedWork":[],"queueLength":0,"runningWork":[],"workRunningCount":0}
[debug] [2023-10-11T15:38:07.026Z] File E:\MenuX_RA_Panel\functions\controllers\stats.js changed, reloading triggers {"metadata":{"emulator":{"name":"functions"},"message":"File E:\\MenuX_RA_Panel\\functions\\controllers\\stats.js changed, reloading triggers"}}
[debug] [2023-10-11T15:38:08.036Z] Validating nodejs source
[debug] [2023-10-11T15:38:10.439Z] > [functions] package.json contents: {
  "name": "functions",
  "description": "Cloud Functions for Firebase",
  "scripts": {
    "serve": "firebase emulators:start --only functions",
    "shell": "firebase functions:shell",
    "start": "npm run shell",
    "deploy": "firebase deploy --only functions",
    "logs": "firebase functions:log"
  },
  "engines": {
    "node": "18"
  },
  "main": "index.js",
  "dependencies": {
    "axios": "^1.4.0",
    "cors": "^2.8.5",
    "currency-converter-lt": "^2.0.0",
    "express": "^4.18.2",
    "firebase": "^10.3.0",
    "firebase-admin": "^11.8.0",
    "firebase-functions": "^4.3.1",
    "i": "^0.3.7",
    "moment": "^2.29.4",
    "node-fetch": "^3.3.1",
    "nodemailer": "^6.9.5",
    "npm": "^10.1.0",
    "react-time-range": "^1.0.4",
    "stripe": "^13.3.0"
  },
  "devDependencies": {
    "firebase-functions-test": "^3.1.0"
  },
  "private": true
}
[debug] [2023-10-11T15:38:10.440Z] Building nodejs source
[debug] [2023-10-11T15:38:10.440Z] Failed to find version of module node: reached end of search path E:\MenuX_RA_Panel\functions\node_modules
[info] +  functions: Using node@18 from host. 
[debug] [2023-10-11T15:38:10.442Z] Could not find functions.yaml. Must use http discovery
[debug] [2023-10-11T15:38:10.448Z] Found firebase-functions binary at 'E:\MenuX_RA_Panel\functions\node_modules\.bin\firebase-functions'
[debug] [2023-10-11T15:38:10.455Z] File E:\MenuX_RA_Panel\functions\controllers\stats.js changed, reloading triggers {"metadata":{"emulator":{"name":"functions"},"message":"File E:\\MenuX_RA_Panel\\functions\\controllers\\stats.js changed, reloading triggers"}}
[debug] [2023-10-11T15:38:11.455Z] Validating nodejs source
[debug] [2023-10-11T15:38:12.613Z] > [functions] package.json contents: {
  "name": "functions",
  "description": "Cloud Functions for Firebase",
  "scripts": {
    "serve": "firebase emulators:start --only functions",
    "shell": "firebase functions:shell",
    "start": "npm run shell",
    "deploy": "firebase deploy --only functions",
    "logs": "firebase functions:log"
  },
  "engines": {
    "node": "18"
  },
  "main": "index.js",
  "dependencies": {
    "axios": "^1.4.0",
    "cors": "^2.8.5",
    "currency-converter-lt": "^2.0.0",
    "express": "^4.18.2",
    "firebase": "^10.3.0",
    "firebase-admin": "^11.8.0",
    "firebase-functions": "^4.3.1",
    "i": "^0.3.7",
    "moment": "^2.29.4",
    "node-fetch": "^3.3.1",
    "nodemailer": "^6.9.5",
    "npm": "^10.1.0",
    "react-time-range": "^1.0.4",
    "stripe": "^13.3.0"
  },
  "devDependencies": {
    "firebase-functions-test": "^3.1.0"
  },
  "private": true
}
[debug] [2023-10-11T15:38:12.614Z] Building nodejs source
[debug] [2023-10-11T15:38:12.614Z] Failed to find version of module node: reached end of search path E:\MenuX_RA_Panel\functions\node_modules
[info] +  functions: Using node@18 from host. 
[debug] [2023-10-11T15:38:12.615Z] Could not find functions.yaml. Must use http discovery
[debug] [2023-10-11T15:38:12.618Z] Found firebase-functions binary at 'E:\MenuX_RA_Panel\functions\node_modules\.bin\firebase-functions'
[info] Serving at port 8957

[info] Serving at port 8254

[debug] [2023-10-11T15:38:17.994Z] Got response from /__/functions.yaml {"endpoints":{"app":{"platform":"gcfv1","availableMemoryMb":null,"timeoutSeconds":null,"minInstances":null,"maxInstances":null,"ingressSettings":null,"serviceAccountEmail":null,"vpc":null,"httpsTrigger":{},"entryPoint":"app"}},"specVersion":"v1alpha1","requiredAPIs":[]}
[debug] [2023-10-11T15:38:17.998Z] Got response from /__/functions.yaml {"endpoints":{"app":{"platform":"gcfv1","availableMemoryMb":null,"timeoutSeconds":null,"minInstances":null,"maxInstances":null,"ingressSettings":null,"serviceAccountEmail":null,"vpc":null,"httpsTrigger":{},"entryPoint":"app"}},"specVersion":"v1alpha1","requiredAPIs":[]}
[info] shutdown requested via /__/quitquitquit

[info] shutdown requested via /__/quitquitquit

[info] +  functions: Loaded functions definitions from source: app. {"metadata":{"emulator":{"name":"functions"},"message":"Loaded functions definitions from source: app."}}
[info] +  functions: Loaded functions definitions from source: app. {"metadata":{"emulator":{"name":"functions"},"message":"Loaded functions definitions from source: app."}}
[debug] [2023-10-11T15:38:29.222Z] File E:\MenuX_RA_Panel\functions\controllers\stats.js changed, reloading triggers {"metadata":{"emulator":{"name":"functions"},"message":"File E:\\MenuX_RA_Panel\\functions\\controllers\\stats.js changed, reloading triggers"}}
[debug] [2023-10-11T15:38:30.231Z] Validating nodejs source
[debug] [2023-10-11T15:38:31.435Z] > [functions] package.json contents: {
  "name": "functions",
  "description": "Cloud Functions for Firebase",
  "scripts": {
    "serve": "firebase emulators:start --only functions",
    "shell": "firebase functions:shell",
    "start": "npm run shell",
    "deploy": "firebase deploy --only functions",
    "logs": "firebase functions:log"
  },
  "engines": {
    "node": "18"
  },
  "main": "index.js",
  "dependencies": {
    "axios": "^1.4.0",
    "cors": "^2.8.5",
    "currency-converter-lt": "^2.0.0",
    "express": "^4.18.2",
    "firebase": "^10.3.0",
    "firebase-admin": "^11.8.0",
    "firebase-functions": "^4.3.1",
    "i": "^0.3.7",
    "moment": "^2.29.4",
    "node-fetch": "^3.3.1",
    "nodemailer": "^6.9.5",
    "npm": "^10.1.0",
    "react-time-range": "^1.0.4",
    "stripe": "^13.3.0"
  },
  "devDependencies": {
    "firebase-functions-test": "^3.1.0"
  },
  "private": true
}
[debug] [2023-10-11T15:38:31.435Z] Building nodejs source
[debug] [2023-10-11T15:38:31.435Z] Failed to find version of module node: reached end of search path E:\MenuX_RA_Panel\functions\node_modules
[info] +  functions: Using node@18 from host. 
[debug] [2023-10-11T15:38:31.436Z] Could not find functions.yaml. Must use http discovery
[debug] [2023-10-11T15:38:31.441Z] Found firebase-functions binary at 'E:\MenuX_RA_Panel\functions\node_modules\.bin\firebase-functions'
[info] Serving at port 8198

[debug] [2023-10-11T15:38:31.865Z] Got response from /__/functions.yaml {"endpoints":{"app":{"platform":"gcfv1","availableMemoryMb":null,"timeoutSeconds":null,"minInstances":null,"maxInstances":null,"ingressSettings":null,"serviceAccountEmail":null,"vpc":null,"httpsTrigger":{},"entryPoint":"app"}},"specVersion":"v1alpha1","requiredAPIs":[]}
[info] shutdown requested via /__/quitquitquit

[info] +  functions: Loaded functions definitions from source: app. {"metadata":{"emulator":{"name":"functions"},"message":"Loaded functions definitions from source: app."}}
[debug] [2023-10-11T15:39:37.998Z] File E:\MenuX_RA_Panel\functions\controllers\stats.js changed, reloading triggers {"metadata":{"emulator":{"name":"functions"},"message":"File E:\\MenuX_RA_Panel\\functions\\controllers\\stats.js changed, reloading triggers"}}
[debug] [2023-10-11T15:39:38.999Z] Validating nodejs source
[debug] [2023-10-11T15:39:41.182Z] > [functions] package.json contents: {
  "name": "functions",
  "description": "Cloud Functions for Firebase",
  "scripts": {
    "serve": "firebase emulators:start --only functions",
    "shell": "firebase functions:shell",
    "start": "npm run shell",
    "deploy": "firebase deploy --only functions",
    "logs": "firebase functions:log"
  },
  "engines": {
    "node": "18"
  },
  "main": "index.js",
  "dependencies": {
    "axios": "^1.4.0",
    "cors": "^2.8.5",
    "currency-converter-lt": "^2.0.0",
    "express": "^4.18.2",
    "firebase": "^10.3.0",
    "firebase-admin": "^11.8.0",
    "firebase-functions": "^4.3.1",
    "i": "^0.3.7",
    "moment": "^2.29.4",
    "node-fetch": "^3.3.1",
    "nodemailer": "^6.9.5",
    "npm": "^10.1.0",
    "react-time-range": "^1.0.4",
    "stripe": "^13.3.0"
  },
  "devDependencies": {
    "firebase-functions-test": "^3.1.0"
  },
  "private": true
}
[debug] [2023-10-11T15:39:41.182Z] Building nodejs source
[debug] [2023-10-11T15:39:41.182Z] Failed to find version of module node: reached end of search path E:\MenuX_RA_Panel\functions\node_modules
[info] +  functions: Using node@18 from host. 
[debug] [2023-10-11T15:39:41.183Z] Could not find functions.yaml. Must use http discovery
[debug] [2023-10-11T15:39:41.187Z] Found firebase-functions binary at 'E:\MenuX_RA_Panel\functions\node_modules\.bin\firebase-functions'
[info] Serving at port 8776

[debug] [2023-10-11T15:39:41.580Z] Got response from /__/functions.yaml {"endpoints":{"app":{"platform":"gcfv1","availableMemoryMb":null,"timeoutSeconds":null,"minInstances":null,"maxInstances":null,"ingressSettings":null,"serviceAccountEmail":null,"vpc":null,"httpsTrigger":{},"entryPoint":"app"}},"specVersion":"v1alpha1","requiredAPIs":[]}
[info] shutdown requested via /__/quitquitquit

[info] +  functions: Loaded functions definitions from source: app. {"metadata":{"emulator":{"name":"functions"},"message":"Loaded functions definitions from source: app."}}
[debug] [2023-10-11T15:40:38.287Z] File E:\MenuX_RA_Panel\functions\controllers\stats.js changed, reloading triggers {"metadata":{"emulator":{"name":"functions"},"message":"File E:\\MenuX_RA_Panel\\functions\\controllers\\stats.js changed, reloading triggers"}}
[debug] [2023-10-11T15:40:39.293Z] Validating nodejs source
[debug] [2023-10-11T15:40:40.382Z] > [functions] package.json contents: {
  "name": "functions",
  "description": "Cloud Functions for Firebase",
  "scripts": {
    "serve": "firebase emulators:start --only functions",
    "shell": "firebase functions:shell",
    "start": "npm run shell",
    "deploy": "firebase deploy --only functions",
    "logs": "firebase functions:log"
  },
  "engines": {
    "node": "18"
  },
  "main": "index.js",
  "dependencies": {
    "axios": "^1.4.0",
    "cors": "^2.8.5",
    "currency-converter-lt": "^2.0.0",
    "express": "^4.18.2",
    "firebase": "^10.3.0",
    "firebase-admin": "^11.8.0",
    "firebase-functions": "^4.3.1",
    "i": "^0.3.7",
    "moment": "^2.29.4",
    "node-fetch": "^3.3.1",
    "nodemailer": "^6.9.5",
    "npm": "^10.1.0",
    "react-time-range": "^1.0.4",
    "stripe": "^13.3.0"
  },
  "devDependencies": {
    "firebase-functions-test": "^3.1.0"
  },
  "private": true
}
[debug] [2023-10-11T15:40:40.382Z] Building nodejs source
[debug] [2023-10-11T15:40:40.382Z] Failed to find version of module node: reached end of search path E:\MenuX_RA_Panel\functions\node_modules
[info] +  functions: Using node@18 from host. 
[debug] [2023-10-11T15:40:40.382Z] Could not find functions.yaml. Must use http discovery
[debug] [2023-10-11T15:40:40.385Z] Found firebase-functions binary at 'E:\MenuX_RA_Panel\functions\node_modules\.bin\firebase-functions'
[info] Serving at port 8392

[debug] [2023-10-11T15:40:40.837Z] Got response from /__/functions.yaml {"endpoints":{"app":{"platform":"gcfv1","availableMemoryMb":null,"timeoutSeconds":null,"minInstances":null,"maxInstances":null,"ingressSettings":null,"serviceAccountEmail":null,"vpc":null,"httpsTrigger":{},"entryPoint":"app"}},"specVersion":"v1alpha1","requiredAPIs":[]}
[info] shutdown requested via /__/quitquitquit

[info] +  functions: Loaded functions definitions from source: app. {"metadata":{"emulator":{"name":"functions"},"message":"Loaded functions definitions from source: app."}}
[debug] [2023-10-11T15:44:07.694Z] File E:\MenuX_RA_Panel\functions\controllers\stats.js changed, reloading triggers {"metadata":{"emulator":{"name":"functions"},"message":"File E:\\MenuX_RA_Panel\\functions\\controllers\\stats.js changed, reloading triggers"}}
[debug] [2023-10-11T15:44:08.710Z] Validating nodejs source
[debug] [2023-10-11T15:44:10.869Z] > [functions] package.json contents: {
  "name": "functions",
  "description": "Cloud Functions for Firebase",
  "scripts": {
    "serve": "firebase emulators:start --only functions",
    "shell": "firebase functions:shell",
    "start": "npm run shell",
    "deploy": "firebase deploy --only functions",
    "logs": "firebase functions:log"
  },
  "engines": {
    "node": "18"
  },
  "main": "index.js",
  "dependencies": {
    "axios": "^1.4.0",
    "cors": "^2.8.5",
    "currency-converter-lt": "^2.0.0",
    "express": "^4.18.2",
    "firebase": "^10.3.0",
    "firebase-admin": "^11.8.0",
    "firebase-functions": "^4.3.1",
    "i": "^0.3.7",
    "moment": "^2.29.4",
    "node-fetch": "^3.3.1",
    "nodemailer": "^6.9.5",
    "npm": "^10.1.0",
    "react-time-range": "^1.0.4",
    "stripe": "^13.3.0"
  },
  "devDependencies": {
    "firebase-functions-test": "^3.1.0"
  },
  "private": true
}
[debug] [2023-10-11T15:44:10.870Z] Building nodejs source
[debug] [2023-10-11T15:44:10.870Z] Failed to find version of module node: reached end of search path E:\MenuX_RA_Panel\functions\node_modules
[info] +  functions: Using node@18 from host. 
[debug] [2023-10-11T15:44:10.871Z] Could not find functions.yaml. Must use http discovery
[debug] [2023-10-11T15:44:10.874Z] Found firebase-functions binary at 'E:\MenuX_RA_Panel\functions\node_modules\.bin\firebase-functions'
[info] Serving at port 8103

[debug] [2023-10-11T15:44:11.240Z] Got response from /__/functions.yaml {"endpoints":{"app":{"platform":"gcfv1","availableMemoryMb":null,"timeoutSeconds":null,"minInstances":null,"maxInstances":null,"ingressSettings":null,"serviceAccountEmail":null,"vpc":null,"httpsTrigger":{},"entryPoint":"app"}},"specVersion":"v1alpha1","requiredAPIs":[]}
[info] shutdown requested via /__/quitquitquit

[info] +  functions: Loaded functions definitions from source: app. {"metadata":{"emulator":{"name":"functions"},"message":"Loaded functions definitions from source: app."}}
[debug] [2023-10-11T15:44:14.570Z] File E:\MenuX_RA_Panel\functions\controllers\stats.js changed, reloading triggers {"metadata":{"emulator":{"name":"functions"},"message":"File E:\\MenuX_RA_Panel\\functions\\controllers\\stats.js changed, reloading triggers"}}
[debug] [2023-10-11T15:44:15.575Z] Validating nodejs source
[debug] [2023-10-11T15:44:16.706Z] > [functions] package.json contents: {
  "name": "functions",
  "description": "Cloud Functions for Firebase",
  "scripts": {
    "serve": "firebase emulators:start --only functions",
    "shell": "firebase functions:shell",
    "start": "npm run shell",
    "deploy": "firebase deploy --only functions",
    "logs": "firebase functions:log"
  },
  "engines": {
    "node": "18"
  },
  "main": "index.js",
  "dependencies": {
    "axios": "^1.4.0",
    "cors": "^2.8.5",
    "currency-converter-lt": "^2.0.0",
    "express": "^4.18.2",
    "firebase": "^10.3.0",
    "firebase-admin": "^11.8.0",
    "firebase-functions": "^4.3.1",
    "i": "^0.3.7",
    "moment": "^2.29.4",
    "node-fetch": "^3.3.1",
    "nodemailer": "^6.9.5",
    "npm": "^10.1.0",
    "react-time-range": "^1.0.4",
    "stripe": "^13.3.0"
  },
  "devDependencies": {
    "firebase-functions-test": "^3.1.0"
  },
  "private": true
}
[debug] [2023-10-11T15:44:16.706Z] Building nodejs source
[debug] [2023-10-11T15:44:16.706Z] Failed to find version of module node: reached end of search path E:\MenuX_RA_Panel\functions\node_modules
[info] +  functions: Using node@18 from host. 
[debug] [2023-10-11T15:44:16.707Z] Could not find functions.yaml. Must use http discovery
[debug] [2023-10-11T15:44:16.709Z] Found firebase-functions binary at 'E:\MenuX_RA_Panel\functions\node_modules\.bin\firebase-functions'
[info] Serving at port 8100

[debug] [2023-10-11T15:44:17.094Z] Got response from /__/functions.yaml {"endpoints":{"app":{"platform":"gcfv1","availableMemoryMb":null,"timeoutSeconds":null,"minInstances":null,"maxInstances":null,"ingressSettings":null,"serviceAccountEmail":null,"vpc":null,"httpsTrigger":{},"entryPoint":"app"}},"specVersion":"v1alpha1","requiredAPIs":[]}
[info] shutdown requested via /__/quitquitquit

[info] +  functions: Loaded functions definitions from source: app. {"metadata":{"emulator":{"name":"functions"},"message":"Loaded functions definitions from source: app."}}
[debug] [2023-10-11T15:46:29.383Z] File E:\MenuX_RA_Panel\functions\controllers\stats.js changed, reloading triggers {"metadata":{"emulator":{"name":"functions"},"message":"File E:\\MenuX_RA_Panel\\functions\\controllers\\stats.js changed, reloading triggers"}}
[debug] [2023-10-11T15:46:30.388Z] Validating nodejs source
[debug] [2023-10-11T15:46:32.876Z] > [functions] package.json contents: {
  "name": "functions",
  "description": "Cloud Functions for Firebase",
  "scripts": {
    "serve": "firebase emulators:start --only functions",
    "shell": "firebase functions:shell",
    "start": "npm run shell",
    "deploy": "firebase deploy --only functions",
    "logs": "firebase functions:log"
  },
  "engines": {
    "node": "18"
  },
  "main": "index.js",
  "dependencies": {
    "axios": "^1.4.0",
    "cors": "^2.8.5",
    "currency-converter-lt": "^2.0.0",
    "express": "^4.18.2",
    "firebase": "^10.3.0",
    "firebase-admin": "^11.8.0",
    "firebase-functions": "^4.3.1",
    "i": "^0.3.7",
    "moment": "^2.29.4",
    "node-fetch": "^3.3.1",
    "nodemailer": "^6.9.5",
    "npm": "^10.1.0",
    "react-time-range": "^1.0.4",
    "stripe": "^13.3.0"
  },
  "devDependencies": {
    "firebase-functions-test": "^3.1.0"
  },
  "private": true
}
[debug] [2023-10-11T15:46:32.876Z] Building nodejs source
[debug] [2023-10-11T15:46:32.876Z] Failed to find version of module node: reached end of search path E:\MenuX_RA_Panel\functions\node_modules
[info] +  functions: Using node@18 from host. 
[debug] [2023-10-11T15:46:32.877Z] Could not find functions.yaml. Must use http discovery
[debug] [2023-10-11T15:46:32.880Z] Found firebase-functions binary at 'E:\MenuX_RA_Panel\functions\node_modules\.bin\firebase-functions'
[info] Serving at port 8080

[debug] [2023-10-11T15:46:33.267Z] Got response from /__/functions.yaml {"endpoints":{"app":{"platform":"gcfv1","availableMemoryMb":null,"timeoutSeconds":null,"minInstances":null,"maxInstances":null,"ingressSettings":null,"serviceAccountEmail":null,"vpc":null,"httpsTrigger":{},"entryPoint":"app"}},"specVersion":"v1alpha1","requiredAPIs":[]}
[info] shutdown requested via /__/quitquitquit

[info] +  functions: Loaded functions definitions from source: app. {"metadata":{"emulator":{"name":"functions"},"message":"Loaded functions definitions from source: app."}}
[debug] [2023-10-11T15:49:41.697Z] File E:\MenuX_RA_Panel\functions\controllers\stats.js changed, reloading triggers {"metadata":{"emulator":{"name":"functions"},"message":"File E:\\MenuX_RA_Panel\\functions\\controllers\\stats.js changed, reloading triggers"}}
[debug] [2023-10-11T15:49:42.707Z] Validating nodejs source
[debug] [2023-10-11T15:49:44.831Z] > [functions] package.json contents: {
  "name": "functions",
  "description": "Cloud Functions for Firebase",
  "scripts": {
    "serve": "firebase emulators:start --only functions",
    "shell": "firebase functions:shell",
    "start": "npm run shell",
    "deploy": "firebase deploy --only functions",
    "logs": "firebase functions:log"
  },
  "engines": {
    "node": "18"
  },
  "main": "index.js",
  "dependencies": {
    "axios": "^1.4.0",
    "cors": "^2.8.5",
    "currency-converter-lt": "^2.0.0",
    "express": "^4.18.2",
    "firebase": "^10.3.0",
    "firebase-admin": "^11.8.0",
    "firebase-functions": "^4.3.1",
    "i": "^0.3.7",
    "moment": "^2.29.4",
    "node-fetch": "^3.3.1",
    "nodemailer": "^6.9.5",
    "npm": "^10.1.0",
    "react-time-range": "^1.0.4",
    "stripe": "^13.3.0"
  },
  "devDependencies": {
    "firebase-functions-test": "^3.1.0"
  },
  "private": true
}
[debug] [2023-10-11T15:49:44.832Z] Building nodejs source
[debug] [2023-10-11T15:49:44.832Z] Failed to find version of module node: reached end of search path E:\MenuX_RA_Panel\functions\node_modules
[info] +  functions: Using node@18 from host. 
[debug] [2023-10-11T15:49:44.833Z] Could not find functions.yaml. Must use http discovery
[debug] [2023-10-11T15:49:44.838Z] Found firebase-functions binary at 'E:\MenuX_RA_Panel\functions\node_modules\.bin\firebase-functions'
[info] Serving at port 8481

[debug] [2023-10-11T15:49:45.218Z] Got response from /__/functions.yaml {"endpoints":{"app":{"platform":"gcfv1","availableMemoryMb":null,"timeoutSeconds":null,"minInstances":null,"maxInstances":null,"ingressSettings":null,"serviceAccountEmail":null,"vpc":null,"httpsTrigger":{},"entryPoint":"app"}},"specVersion":"v1alpha1","requiredAPIs":[]}
[info] shutdown requested via /__/quitquitquit

[info] +  functions: Loaded functions definitions from source: app. {"metadata":{"emulator":{"name":"functions"},"message":"Loaded functions definitions from source: app."}}
[debug] [2023-10-11T17:28:46.528Z] File E:\MenuX_RA_Panel\functions\controllers\stats.js changed, reloading triggers {"metadata":{"emulator":{"name":"functions"},"message":"File E:\\MenuX_RA_Panel\\functions\\controllers\\stats.js changed, reloading triggers"}}
[debug] [2023-10-11T17:28:47.562Z] Validating nodejs source
[debug] [2023-10-11T17:28:55.184Z] > [functions] package.json contents: {
  "name": "functions",
  "description": "Cloud Functions for Firebase",
  "scripts": {
    "serve": "firebase emulators:start --only functions",
    "shell": "firebase functions:shell",
    "start": "npm run shell",
    "deploy": "firebase deploy --only functions",
    "logs": "firebase functions:log"
  },
  "engines": {
    "node": "18"
  },
  "main": "index.js",
  "dependencies": {
    "axios": "^1.4.0",
    "cors": "^2.8.5",
    "currency-converter-lt": "^2.0.0",
    "express": "^4.18.2",
    "firebase": "^10.3.0",
    "firebase-admin": "^11.8.0",
    "firebase-functions": "^4.3.1",
    "i": "^0.3.7",
    "moment": "^2.29.4",
    "node-fetch": "^3.3.1",
    "nodemailer": "^6.9.5",
    "npm": "^10.1.0",
    "react-time-range": "^1.0.4",
    "stripe": "^13.3.0"
  },
  "devDependencies": {
    "firebase-functions-test": "^3.1.0"
  },
  "private": true
}
[debug] [2023-10-11T17:28:55.185Z] Building nodejs source
[debug] [2023-10-11T17:28:55.185Z] Failed to find version of module node: reached end of search path E:\MenuX_RA_Panel\functions\node_modules
[info] +  functions: Using node@18 from host. 
[debug] [2023-10-11T17:28:55.192Z] Could not find functions.yaml. Must use http discovery
[debug] [2023-10-11T17:28:55.200Z] Found firebase-functions binary at 'E:\MenuX_RA_Panel\functions\node_modules\.bin\firebase-functions'
[info] Serving at port 8254

[debug] [2023-10-11T17:29:02.971Z] Got response from /__/functions.yaml {"endpoints":{"app":{"platform":"gcfv1","availableMemoryMb":null,"timeoutSeconds":null,"minInstances":null,"maxInstances":null,"ingressSettings":null,"serviceAccountEmail":null,"vpc":null,"httpsTrigger":{},"entryPoint":"app"}},"specVersion":"v1alpha1","requiredAPIs":[]}
[info] shutdown requested via /__/quitquitquit

[info] +  functions: Loaded functions definitions from source: app. {"metadata":{"emulator":{"name":"functions"},"message":"Loaded functions definitions from source: app."}}
